Building DAG of jobs...
Using shell: /usr/bin/bash
Provided cores: 1 (use --cores to define parallelism)
Rules claiming more threads will be scaled down.
Job stats:
job       count
------  -------
step00        1
total         1

Select jobs to execute...

[Tue Nov 21 10:06:53 2023]
rule step00:
    input: data/data.csv
    jobid: 0
    reason: Rules with a run or shell declaration but no output are always executed.
    resources: tmpdir=/tmp

[Tue Nov 21 10:06:54 2023]
Finished job 0.
1 of 1 steps (100%) done
Complete log: .snakemake/log/2023-11-21T100652.764188.snakemake.log
