Building DAG of jobs...
Using shell: /usr/bin/bash
Provided cores: 1 (use --cores to define parallelism)
Rules claiming more threads will be scaled down.
Job stats:
job       count
------  -------
step01        1
total         1

Select jobs to execute...

[Tue Nov 21 11:51:33 2023]
rule step01:
    jobid: 0
    reason: Rules with neither input nor output files are always executed.
    priority: 2
    resources: tmpdir=/tmp

[Tue Nov 21 11:51:34 2023]
Finished job 0.
1 of 1 steps (100%) done
Complete log: .snakemake/log/2023-11-21T115133.624273.snakemake.log
